{
  "Unit Tests": {
    "coverage": {
      "/home/lucas/git/Intern-Application-Exercise/blog/blog/config/environment.rb": [
        null,
        1,
        null,
        null,
        0
      ],
      "/home/lucas/git/Intern-Application-Exercise/blog/blog/config/application.rb": [
        1,
        null,
        0,
        null,
        0,
        null,
        0,
        null,
        null,
        null,
        null,
        0,
        0,
        null,
        null,
        null,
        null,
        null,
        null,
        null,
        null,
        null,
        null,
        null,
        null,
        null,
        null,
        null,
        null,
        null,
        null,
        null,
        null,
        null,
        null,
        null,
        0,
        null,
        null,
        0,
        null,
        null,
        0,
        null,
        null,
        null,
        null,
        null,
        null,
        null,
        null,
        null,
        null,
        0,
        null,
        null,
        0,
        null,
        null,
        0,
        null,
        null
      ],
      "/home/lucas/git/Intern-Application-Exercise/blog/blog/config/boot.rb": [
        1,
        null,
        null,
        1,
        null,
        1
      ]
    },
    "timestamp": 1366946216
  },
  "RSpec": {
    "coverage": {
      "/home/lucas/git/Intern-Application-Exercise/blog/blog/config/environment.rb": [
        null,
        1,
        null,
        null,
        1
      ],
      "/home/lucas/git/Intern-Application-Exercise/blog/blog/config/application.rb": [
        1,
        null,
        1,
        null,
        1,
        null,
        1,
        null,
        null,
        null,
        null,
        1,
        1,
        null,
        null,
        null,
        null,
        null,
        null,
        null,
        null,
        null,
        null,
        null,
        null,
        null,
        null,
        null,
        null,
        null,
        null,
        null,
        null,
        null,
        null,
        null,
        1,
        null,
        null,
        1,
        null,
        null,
        1,
        null,
        null,
        null,
        null,
        null,
        null,
        null,
        null,
        null,
        null,
        1,
        null,
        null,
        1,
        null,
        null,
        1,
        null,
        null
      ],
      "/home/lucas/git/Intern-Application-Exercise/blog/blog/config/boot.rb": [
        1,
        null,
        null,
        1,
        null,
        1
      ],
      "/home/lucas/git/Intern-Application-Exercise/blog/blog/config/environments/test.rb": [
        1,
        null,
        null,
        null,
        null,
        null,
        null,
        1,
        null,
        null,
        1,
        1,
        null,
        null,
        1,
        null,
        null,
        1,
        1,
        null,
        null,
        1,
        null,
        null,
        1,
        null,
        null,
        null,
        null,
        1,
        null,
        null,
        1,
        null,
        null,
        1,
        null
      ],
      "/home/lucas/git/Intern-Application-Exercise/blog/blog/config/initializers/backtrace_silencers.rb": [
        null,
        null,
        null,
        null,
        null,
        null,
        null
      ],
      "/home/lucas/git/Intern-Application-Exercise/blog/blog/config/initializers/inflections.rb": [
        null,
        null,
        null,
        null,
        null,
        null,
        null,
        null,
        null,
        null,
        null,
        null,
        null,
        null,
        null
      ],
      "/home/lucas/git/Intern-Application-Exercise/blog/blog/config/initializers/mime_types.rb": [
        null,
        null,
        null,
        null,
        null
      ],
      "/home/lucas/git/Intern-Application-Exercise/blog/blog/config/initializers/secret_token.rb": [
        null,
        null,
        null,
        null,
        null,
        null,
        1
      ],
      "/home/lucas/git/Intern-Application-Exercise/blog/blog/config/initializers/session_store.rb": [
        null,
        null,
        1,
        null,
        null,
        null,
        null,
        null
      ],
      "/home/lucas/git/Intern-Application-Exercise/blog/blog/config/initializers/wrap_parameters.rb": [
        null,
        null,
        null,
        null,
        null,
        null,
        1,
        1,
        null,
        null,
        null,
        1,
        1,
        null
      ],
      "/home/lucas/git/Intern-Application-Exercise/blog/blog/app/controllers/application_controller.rb": [
        1,
        1,
        null
      ],
      "/home/lucas/git/Intern-Application-Exercise/blog/blog/app/helpers/application_helper.rb": [
        1,
        null
      ],
      "/home/lucas/git/Intern-Application-Exercise/blog/blog/app/helpers/posts_helper.rb": [
        1,
        null
      ],
      "/home/lucas/git/Intern-Application-Exercise/blog/blog/app/controllers/posts_controller.rb": [
        1,
        null,
        null,
        1,
        0,
        null,
        0,
        0,
        0,
        null,
        null,
        null,
        null,
        null,
        1,
        0,
        null,
        0,
        0,
        0,
        null,
        null,
        null,
        null,
        null,
        1,
        0,
        null,
        0,
        0,
        0,
        null,
        null,
        null,
        null,
        1,
        0,
        null,
        null,
        null,
        null,
        1,
        0,
        null,
        0,
        0,
        0,
        0,
        null,
        0,
        0,
        null,
        null,
        null,
        null,
        null,
        null,
        1,
        0,
        null,
        0,
        0,
        0,
        0,
        null,
        0,
        0,
        null,
        null,
        null,
        null,
        null,
        null,
        1,
        0,
        0,
        null,
        0,
        0,
        0,
        null,
        null,
        null
      ],
      "/home/lucas/git/Intern-Application-Exercise/blog/blog/app/models/post.rb": [
        1,
        1,
        null
      ],
      "/home/lucas/git/Intern-Application-Exercise/blog/blog/config/routes.rb": [
        1,
        null,
        1,
        null,
        null,
        1,
        1,
        null,
        null,
        null,
        null,
        null,
        null,
        null,
        null,
        null,
        null,
        null,
        null,
        null,
        null,
        null,
        null,
        null,
        null,
        null,
        null,
        null,
        null,
        null,
        null,
        null,
        null,
        null,
        null,
        null,
        null,
        null,
        null,
        null,
        null,
        null,
        null,
        null,
        null,
        null,
        null,
        null,
        null,
        null,
        null,
        null,
        null,
        null,
        null,
        null,
        null,
        null,
        null,
        null,
        null,
        null,
        null,
        null
      ],
      "/home/lucas/git/Intern-Application-Exercise/blog/blog/test/unit/post_test.rb": [
        1,
        null,
        1,
        null,
        null,
        null,
        null
      ],
      "/home/lucas/git/Intern-Application-Exercise/blog/blog/test/unit/helpers/posts_helper_test.rb": [
        1,
        null,
        1,
        null
      ]
    },
    "timestamp": 1366947062
  },
  "Functional Tests": {
    "coverage": {
      "/home/lucas/git/Intern-Application-Exercise/blog/blog/config/environment.rb": [
        null,
        1,
        null,
        null,
        1
      ],
      "/home/lucas/git/Intern-Application-Exercise/blog/blog/config/application.rb": [
        1,
        null,
        1,
        null,
        1,
        null,
        1,
        null,
        null,
        null,
        null,
        1,
        1,
        null,
        null,
        null,
        null,
        null,
        null,
        null,
        null,
        null,
        null,
        null,
        null,
        null,
        null,
        null,
        null,
        null,
        null,
        null,
        null,
        null,
        null,
        null,
        1,
        null,
        null,
        1,
        null,
        null,
        1,
        null,
        null,
        null,
        null,
        null,
        null,
        null,
        null,
        null,
        null,
        1,
        null,
        null,
        1,
        null,
        null,
        1,
        null,
        null
      ],
      "/home/lucas/git/Intern-Application-Exercise/blog/blog/config/boot.rb": [
        1,
        null,
        null,
        1,
        null,
        1
      ],
      "/home/lucas/git/Intern-Application-Exercise/blog/blog/config/environments/test.rb": [
        1,
        null,
        null,
        null,
        null,
        null,
        null,
        1,
        null,
        null,
        1,
        1,
        null,
        null,
        1,
        null,
        null,
        1,
        1,
        null,
        null,
        1,
        null,
        null,
        1,
        null,
        null,
        null,
        null,
        1,
        null,
        null,
        1,
        null,
        null,
        1,
        null
      ],
      "/home/lucas/git/Intern-Application-Exercise/blog/blog/config/initializers/backtrace_silencers.rb": [
        null,
        null,
        null,
        null,
        null,
        null,
        null
      ],
      "/home/lucas/git/Intern-Application-Exercise/blog/blog/config/initializers/inflections.rb": [
        null,
        null,
        null,
        null,
        null,
        null,
        null,
        null,
        null,
        null,
        null,
        null,
        null,
        null,
        null
      ],
      "/home/lucas/git/Intern-Application-Exercise/blog/blog/config/initializers/mime_types.rb": [
        null,
        null,
        null,
        null,
        null
      ],
      "/home/lucas/git/Intern-Application-Exercise/blog/blog/config/initializers/secret_token.rb": [
        null,
        null,
        null,
        null,
        null,
        null,
        1
      ],
      "/home/lucas/git/Intern-Application-Exercise/blog/blog/config/initializers/session_store.rb": [
        null,
        null,
        1,
        null,
        null,
        null,
        null,
        null
      ],
      "/home/lucas/git/Intern-Application-Exercise/blog/blog/config/initializers/wrap_parameters.rb": [
        null,
        null,
        null,
        null,
        null,
        null,
        1,
        0,
        null,
        null,
        null,
        1,
        0,
        null
      ]
    },
    "timestamp": 1366946836
  }
}
